d:\visual studio 2015\projects\convolution_matching\convolution_matching\x64\release\vc140.pdb
d:\visual studio 2015\projects\convolution_matching\convolution_matching\x64\release\write_frame.obj
d:\visual studio 2015\projects\convolution_matching\convolution_matching\x64\release\time.obj
d:\visual studio 2015\projects\convolution_matching\convolution_matching\x64\release\threshold_data_edit.obj
d:\visual studio 2015\projects\convolution_matching\convolution_matching\x64\release\score.obj
d:\visual studio 2015\projects\convolution_matching\convolution_matching\x64\release\read_txt.obj
d:\visual studio 2015\projects\convolution_matching\convolution_matching\x64\release\read_convolution_property.obj
d:\visual studio 2015\projects\convolution_matching\convolution_matching\x64\release\otsu.obj
d:\visual studio 2015\projects\convolution_matching\convolution_matching\x64\release\nrutil.obj
d:\visual studio 2015\projects\convolution_matching\convolution_matching\x64\release\make_image.obj
d:\visual studio 2015\projects\convolution_matching\convolution_matching\x64\release\main.obj
d:\visual studio 2015\projects\convolution_matching\convolution_matching\x64\release\convolution_matching.obj
d:\visual studio 2015\projects\convolution_matching\convolution_matching\x64\release\convolution.obj
d:\visual studio 2015\projects\convolution_matching\x64\release\convolution_matching.pdb
d:\visual studio 2015\projects\convolution_matching\convolution_matching\x64\release\convolut.b780e301.tlog\cl.command.1.tlog
d:\visual studio 2015\projects\convolution_matching\convolution_matching\x64\release\convolut.b780e301.tlog\cl.read.1.tlog
d:\visual studio 2015\projects\convolution_matching\convolution_matching\x64\release\convolut.b780e301.tlog\cl.write.1.tlog
d:\visual studio 2015\projects\convolution_matching\convolution_matching\x64\release\convolut.b780e301.tlog\link.command.1.tlog
d:\visual studio 2015\projects\convolution_matching\convolution_matching\x64\release\convolut.b780e301.tlog\link.read.1.tlog
d:\visual studio 2015\projects\convolution_matching\convolution_matching\x64\release\convolut.b780e301.tlog\link.read.5.tlog
d:\visual studio 2015\projects\convolution_matching\convolution_matching\x64\release\convolut.b780e301.tlog\link.write.1.tlog
